[debug] [2022-10-05T13:38:39.160Z] ----------------------------------------------------------------------
[debug] [2022-10-05T13:38:39.163Z] Command:       C:\Program Files\nodejs\node.exe C:\Users\{GaMeR}\AppData\Roaming\npm\node_modules\firebase-tools\lib\bin\firebase.js init
[debug] [2022-10-05T13:38:39.164Z] CLI Version:   11.13.0
[debug] [2022-10-05T13:38:39.164Z] Platform:      win32
[debug] [2022-10-05T13:38:39.164Z] Node Version:  v16.17.0
[debug] [2022-10-05T13:38:39.165Z] Time:          Wed Oct 05 2022 18:38:39 GMT+0500 (Pakistan Standard Time)
[debug] [2022-10-05T13:38:39.165Z] ----------------------------------------------------------------------
[debug] 
[debug] [2022-10-05T13:38:39.246Z] > command requires scopes: ["email","openid","https://www.googleapis.com/auth/cloudplatformprojects.readonly","https://www.googleapis.com/auth/firebase","https://www.googleapis.com/auth/cloud-platform"]
[debug] [2022-10-05T13:38:39.247Z] > authorizing via signed-in user (muneebshahzad244@gmail.com)
[info] 
     ######## #### ########  ######## ########     ###     ######  ########
     ##        ##  ##     ## ##       ##     ##  ##   ##  ##       ##
     ######    ##  ########  ######   ########  #########  ######  ######
     ##        ##  ##    ##  ##       ##     ## ##     ##       ## ##
     ##       #### ##     ## ######## ########  ##     ##  ######  ########

You're about to initialize a Firebase project in this directory:

  C:\Users\{GaMeR}\Desktop\weather-app-react

Before we get started, keep in mind:

  * You are initializing within an existing Firebase project directory

